     1 00000000                                 		
     2 00000000                                 		
     3                                          		ORG		0x7c00	;指明程序的装载地址
     4 00007C00                                 ;记述用于标准FAT12格式的软盘	
     5 00007C00                                 
     6 00007C00                                 	
     7 00007C00 EB 4D                           		JMP		entry
     8 00007C02 90                              		DB		0x90
     9 00007C03 48 41 52 49 42 4F 54 45         		DB		"HARIBOTE"   ;启动区的名称可以是任意8字节的字符串
    10 00007C0B 0200                            		DW		512			 ;每个扇区的大小(必须是512字节)   有疑问：DW分配的不是16字节吗？
    11 00007C0D 01                              		DB		1			 ;簇(cluster)的大小(必须是1个扇区)
    12 00007C0E 0001                            		DW		1			 ;FAT的起始位置(一般从第一个扇区开始)
    13 00007C10 02                              		DB		2			 ;FAT的个数(必须为2）		
    14 00007C11 00E0                            		DW		224			 ;根目录的大小(一般设成224项)
    15 00007C13 0B40                            		DW		2880		 ;该磁盘的大小(必须是2880扇区)
    16 00007C15 F0                              		DB		0xf0		 ;磁盘的种类(必须是0xf0)
    17 00007C16 0009                            		DW		9			 ;FAT的长度(必须是9扇区)
    18 00007C18 0012                            		DW		18			 ;1个磁道(track)有几个扇区(必须是18)
    19 00007C1A 0002                            		DW		2			 ;磁头数（必须是2）
    20 00007C1C 00000000                        		DD		0			 ;不使用分区，必须是0
    21 00007C20 00000B40                        		DD		2880		 ;重写一次磁盘大小
    22 00007C24 00 00 29                        		DB		0,0,0x29	 ;意义不明，固定
    23 00007C27 FFFFFFFF                        		DD		0xffffffff	 ;（可能是）卷标号码
    24 00007C2B 48 61 72 69 62 6F 74 65 4F 53   		DB		"HariboteOS" ;磁盘名称（11字节）
    25 00007C35 46 41 54 31 32 20 20 20         		DB		"FAT12   "	 ;磁盘格式名称（8字节）
    26 00007C3D 00 00 00 00 00 00 00 00 00 00   		RESB	18			 ;先空出18字节
       00007C47 00 00 00 00 00 00 00 00 
    27 00007C4F                                 
    28 00007C4F                                 entry:
    29 00007C4F B8 0000                         		mov AX,0			 ;初始化寄存器
    30 00007C52 8E D0                           		mov SS,AX
    31 00007C54 BC 7C00                         		mov SP,0x7c00
    32 00007C57 8E D8                           		mov DS,AX
    33 00007C59 8E C0                           		mov ES,AX
    34 00007C5B BE 7C73                         		mov SI,msg
    35 00007C5E                                 putloop:
    36 00007C5E 8A 04                           		mov AL,[SI]
    37 00007C60 83 C6 01                        		ADD SI,1
    38 00007C63 3C 00                           		CMP AL,0			 
    39 00007C65 74 09                           		JE fin
    40 00007C67 B4 0E                           		mov AH,0x0e			 ;显示一个文字   ？？？
    41 00007C69 BB 000F                         		mov BX,15			 ;指定字符颜色
    42 00007C6C CD 10                           		INT 0x10			 ;调用显卡BIOS
    43 00007C6E EB EE                           		JMP putloop
    44 00007C70                                 fin:
    45 00007C70 F4                              		HLT					 ;让CPU停止，等待指令
    46 00007C71 EB FD                           		JMP fin
    47 00007C73                                 msg:
    48 00007C73 0A 0A                           		DB 0x0a,0x0a		 
    49 00007C75 B8E4 E6AD 8796                  		DW "中文"
    50 00007C7B 0A                              		DB 0x0a
    51 00007C7C 3A46 415C 5C31 6F74 736C 7465   		DW "F:\A1\tolset\z_tools\"
       00007C88 7A5C 745F 6F6F 736C 005C 
    52 00007C92 0A                              		DB 0x0a
    53 00007C93 00 00 00 00 00 00 00 00 00 00   		RESB 0x7dfe-$
       00007C9D 00 00 00 00 00 00 00 00 00 00 
       00007CA7 00 00 00 00 00 00 00 00 00 00 
       00007CB1 00 00 00 00 00 00 00 00 00 00 
       00007CBB 00 00 00 00 00 00 00 00 00 00 
       00007CC5 00 00 00 00 00 00 00 00 00 00 
       00007CCF 00 00 00 00 00 00 00 00 00 00 
       00007CD9 00 00 00 00 00 00 00 00 00 00 
       00007CE3 00 00 00 00 00 00 00 00 00 00 
       00007CED 00 00 00 00 00 00 00 00 00 00 
       00007CF7 00 00 00 00 00 00 00 00 00 00 
       00007D01 00 00 00 00 00 00 00 00 00 00 
       00007D0B 00 00 00 00 00 00 00 00 00 00 
       00007D15 00 00 00 00 00 00 00 00 00 00 
       00007D1F 00 00 00 00 00 00 00 00 00 00 
       00007D29 00 00 00 00 00 00 00 00 00 00 
       00007D33 00 00 00 00 00 00 00 00 00 00 
       00007D3D 00 00 00 00 00 00 00 00 00 00 
       00007D47 00 00 00 00 00 00 00 00 00 00 
       00007D51 00 00 00 00 00 00 00 00 00 00 
       00007D5B 00 00 00 00 00 00 00 00 00 00 
       00007D65 00 00 00 00 00 00 00 00 00 00 
       00007D6F 00 00 00 00 00 00 00 00 00 00 
       00007D79 00 00 00 00 00 00 00 00 00 00 
       00007D83 00 00 00 00 00 00 00 00 00 00 
       00007D8D 00 00 00 00 00 00 00 00 00 00 
       00007D97 00 00 00 00 00 00 00 00 00 00 
       00007DA1 00 00 00 00 00 00 00 00 00 00 
       00007DAB 00 00 00 00 00 00 00 00 00 00 
       00007DB5 00 00 00 00 00 00 00 00 00 00 
       00007DBF 00 00 00 00 00 00 00 00 00 00 
       00007DC9 00 00 00 00 00 00 00 00 00 00 
       00007DD3 00 00 00 00 00 00 00 00 00 00 
       00007DDD 00 00 00 00 00 00 00 00 00 00 
       00007DE7 00 00 00 00 00 00 00 00 00 00 
       00007DF1 00 00 00 00 00 00 00 00 00 00 
       00007DFB 00 00 00 
    54 00007DFE 55 AA                           		DB 0x55,0xaa